<?xml version="1.0" encoding="UTF-8"?>
<testsuite xmlns:xsi="http://www.w3.org/2001/XMLSchema-instance" xsi:noNamespaceSchemaLocation="https://maven.apache.org/surefire/maven-surefire-plugin/xsd/surefire-test-report.xsd" name="SQSServiceIntegrationTest" time="0.548" tests="9" errors="8" skipped="0" failures="0">
  <properties>
[...]
</properties>
  <testcase name="whenInitializingAWSService_thenNotNull" classname="SQSServiceIntegrationTest" time="0.011"/>
  <testcase name="CreateSQSQueue" classname="SQSServiceIntegrationTest" time="0.065">
    <error message="To use Sso related properties in the &apos;default&apos; profile, the &apos;sso&apos; service module must be on the class path." type="java.lang.IllegalStateException">java.lang.IllegalStateException: To use Sso related properties in the 'default' profile, the 'sso' service module must be on the class path.
	at SQSServiceIntegrationTest.setUp(SQSServiceIntegrationTest.java:32)
Caused by: java.lang.ClassNotFoundException: software.amazon.awssdk.services.sso.auth.SsoProfileCredentialsProviderFactory
	at SQSServiceIntegrationTest.setUp(SQSServiceIntegrationTest.java:32)
</error>
    <system-out><![CDATA[
Create Queue
]]></system-out>
  </testcase>
  <testcase name="SendMessage" classname="SQSServiceIntegrationTest" time="0.002">
    <error message="To use Sso related properties in the &apos;default&apos; profile, the &apos;sso&apos; service module must be on the class path." type="java.lang.IllegalStateException">java.lang.IllegalStateException: To use Sso related properties in the 'default' profile, the 'sso' service module must be on the class path.
	at SQSServiceIntegrationTest.setUp(SQSServiceIntegrationTest.java:32)
Caused by: java.lang.ClassNotFoundException: software.amazon.awssdk.services.sso.auth.SsoProfileCredentialsProviderFactory
	at SQSServiceIntegrationTest.setUp(SQSServiceIntegrationTest.java:32)
</error>
  </testcase>
  <testcase name="GetMessage" classname="SQSServiceIntegrationTest" time="0.007">
    <error message="To use Sso related properties in the &apos;default&apos; profile, the &apos;sso&apos; service module must be on the class path." type="java.lang.IllegalStateException">java.lang.IllegalStateException: To use Sso related properties in the 'default' profile, the 'sso' service module must be on the class path.
	at SQSServiceIntegrationTest.setUp(SQSServiceIntegrationTest.java:32)
Caused by: java.lang.ClassNotFoundException: software.amazon.awssdk.services.sso.auth.SsoProfileCredentialsProviderFactory
	at SQSServiceIntegrationTest.setUp(SQSServiceIntegrationTest.java:32)
</error>
    <system-out><![CDATA[
Receive messages
]]></system-out>
  </testcase>
  <testcase name="GetQueueAttributes" classname="SQSServiceIntegrationTest" time="0.004">
    <error message="To use Sso related properties in the &apos;default&apos; profile, the &apos;sso&apos; service module must be on the class path." type="java.lang.IllegalStateException">java.lang.IllegalStateException: To use Sso related properties in the 'default' profile, the 'sso' service module must be on the class path.
	at SQSServiceIntegrationTest.setUp(SQSServiceIntegrationTest.java:32)
Caused by: java.lang.ClassNotFoundException: software.amazon.awssdk.services.sso.auth.SsoProfileCredentialsProviderFactory
	at SQSServiceIntegrationTest.setUp(SQSServiceIntegrationTest.java:32)
</error>
  </testcase>
  <testcase name="DeleteMessages" classname="SQSServiceIntegrationTest" time="0.001">
    <error message="Cannot invoke &quot;java.util.List.iterator()&quot; because &quot;messages&quot; is null" type="java.lang.NullPointerException">java.lang.NullPointerException: Cannot invoke "java.util.List.iterator()" because "messages" is null
	at SQSServiceIntegrationTest.DeleteMessages(SQSServiceIntegrationTest.java:102)
</error>
    <system-out><![CDATA[
Delete Messages
]]></system-out>
  </testcase>
  <testcase name="LongPolling" classname="SQSServiceIntegrationTest" time="0.003">
    <error message="To use Sso related properties in the &apos;default&apos; profile, the &apos;sso&apos; service module must be on the class path." type="java.lang.IllegalStateException">java.lang.IllegalStateException: To use Sso related properties in the 'default' profile, the 'sso' service module must be on the class path.
	at SQSServiceIntegrationTest.setUp(SQSServiceIntegrationTest.java:32)
Caused by: java.lang.ClassNotFoundException: software.amazon.awssdk.services.sso.auth.SsoProfileCredentialsProviderFactory
	at SQSServiceIntegrationTest.setUp(SQSServiceIntegrationTest.java:32)
</error>
  </testcase>
  <testcase name="DeadLetterQueues" classname="SQSServiceIntegrationTest" time="0.001">
    <error message="To use Sso related properties in the &apos;default&apos; profile, the &apos;sso&apos; service module must be on the class path." type="java.lang.IllegalStateException">java.lang.IllegalStateException: To use Sso related properties in the 'default' profile, the 'sso' service module must be on the class path.
	at SQSServiceIntegrationTest.setUp(SQSServiceIntegrationTest.java:32)
Caused by: java.lang.ClassNotFoundException: software.amazon.awssdk.services.sso.auth.SsoProfileCredentialsProviderFactory
	at SQSServiceIntegrationTest.setUp(SQSServiceIntegrationTest.java:32)
</error>
  </testcase>
  <testcase name="DeleteQueue" classname="SQSServiceIntegrationTest" time="0.001">
    <error message="To use Sso related properties in the &apos;default&apos; profile, the &apos;sso&apos; service module must be on the class path." type="java.lang.IllegalStateException">java.lang.IllegalStateException: To use Sso related properties in the 'default' profile, the 'sso' service module must be on the class path.
	at SQSServiceIntegrationTest.setUp(SQSServiceIntegrationTest.java:32)
Caused by: java.lang.ClassNotFoundException: software.amazon.awssdk.services.sso.auth.SsoProfileCredentialsProviderFactory
	at SQSServiceIntegrationTest.setUp(SQSServiceIntegrationTest.java:32)
</error>
  </testcase>
</testsuite>